{"instant":{"epochSecond":1733682676,"nanoOfSecond":706421100},"thread":"main","level":"INFO","loggerName":"MAIN.ProductService","message":"User: 1 | Action: viewed_all_products","endOfBatch":false,"loggerFqcn":"org.apache.logging.log4j.spi.AbstractLogger","threadId":1,"threadPriority":5}
{"instant":{"epochSecond":1733682677,"nanoOfSecond":236686800},"thread":"main","level":"INFO","loggerName":"MAIN.ProductService","message":"User: 1 | Action: added a new product: Laptop","endOfBatch":false,"loggerFqcn":"org.apache.logging.log4j.spi.AbstractLogger","threadId":1,"threadPriority":5}
{"instant":{"epochSecond":1733682677,"nanoOfSecond":295932700},"thread":"main","level":"INFO","loggerName":"MAIN.ProductService","message":"User: 1 | Action: deleted product with ID: P101","endOfBatch":false,"loggerFqcn":"org.apache.logging.log4j.spi.AbstractLogger","threadId":1,"threadPriority":5}
{"instant":{"epochSecond":1733682677,"nanoOfSecond":352224600},"thread":"main","level":"INFO","loggerName":"MAIN.ProductService","message":"User: 1 | Action:  updated product: Laptop Pro","endOfBatch":false,"loggerFqcn":"org.apache.logging.log4j.spi.AbstractLogger","threadId":1,"threadPriority":5}
{"instant":{"epochSecond":1733682677,"nanoOfSecond":390352800},"thread":"main","level":"INFO","loggerName":"MAIN.ProductService","message":"User: 1 | Action: viewed_all_products","endOfBatch":false,"loggerFqcn":"org.apache.logging.log4j.spi.AbstractLogger","threadId":1,"threadPriority":5}
{"instant":{"epochSecond":1733682677,"nanoOfSecond":425585500},"thread":"main","level":"INFO","loggerName":"MAIN.ProductService","message":"User: 1 | Action: viewed_all_products","endOfBatch":false,"loggerFqcn":"org.apache.logging.log4j.spi.AbstractLogger","threadId":1,"threadPriority":5}
{"instant":{"epochSecond":1733682677,"nanoOfSecond":477780500},"thread":"main","level":"INFO","loggerName":"MAIN.ProductService","message":"User: 2 | Action: viewed_all_products","endOfBatch":false,"loggerFqcn":"org.apache.logging.log4j.spi.AbstractLogger","threadId":1,"threadPriority":5}
{"instant":{"epochSecond":1733682677,"nanoOfSecond":500191200},"thread":"main","level":"INFO","loggerName":"MAIN.ProductService","message":"User: 2 | Action: deleted product with ID: P101","endOfBatch":false,"loggerFqcn":"org.apache.logging.log4j.spi.AbstractLogger","threadId":1,"threadPriority":5}
{"instant":{"epochSecond":1733682677,"nanoOfSecond":521868100},"thread":"main","level":"INFO","loggerName":"MAIN.ProductService","message":"User: 2 | Action: viewed_all_products","endOfBatch":false,"loggerFqcn":"org.apache.logging.log4j.spi.AbstractLogger","threadId":1,"threadPriority":5}
{"instant":{"epochSecond":1733682677,"nanoOfSecond":544790500},"thread":"main","level":"INFO","loggerName":"MAIN.ProductService","message":"User: 2 | Action: added a new product: Smartphone","endOfBatch":false,"loggerFqcn":"org.apache.logging.log4j.spi.AbstractLogger","threadId":1,"threadPriority":5}
{"instant":{"epochSecond":1733682677,"nanoOfSecond":570584700},"thread":"main","level":"INFO","loggerName":"MAIN.ProductService","message":"User: 3 | Action: viewed_all_products","endOfBatch":false,"loggerFqcn":"org.apache.logging.log4j.spi.AbstractLogger","threadId":1,"threadPriority":5}
{"instant":{"epochSecond":1733682677,"nanoOfSecond":598247200},"thread":"main","level":"INFO","loggerName":"MAIN.ProductService","message":"User: 3 | Action: viewed_all_products","endOfBatch":false,"loggerFqcn":"org.apache.logging.log4j.spi.AbstractLogger","threadId":1,"threadPriority":5}
{"instant":{"epochSecond":1733682677,"nanoOfSecond":626820500},"thread":"main","level":"INFO","loggerName":"MAIN.ProductService","message":"User: 3 | Action: viewed_all_products","endOfBatch":false,"loggerFqcn":"org.apache.logging.log4j.spi.AbstractLogger","threadId":1,"threadPriority":5}
{"instant":{"epochSecond":1733682677,"nanoOfSecond":659268500},"thread":"main","level":"INFO","loggerName":"MAIN.ProductService","message":"User: 3 | Action: added a new product: Headphones","endOfBatch":false,"loggerFqcn":"org.apache.logging.log4j.spi.AbstractLogger","threadId":1,"threadPriority":5}
{"instant":{"epochSecond":1733682677,"nanoOfSecond":682522200},"thread":"main","level":"INFO","loggerName":"MAIN.ProductService","message":"User: 3 | Action: fetched product with ID: P103","endOfBatch":false,"loggerFqcn":"org.apache.logging.log4j.spi.AbstractLogger","threadId":1,"threadPriority":5}
{"instant":{"epochSecond":1733682677,"nanoOfSecond":725967100},"thread":"main","level":"INFO","loggerName":"MAIN.ProductService","message":"User: 3 | Action:  updated product: Headphones Pro","endOfBatch":false,"loggerFqcn":"org.apache.logging.log4j.spi.AbstractLogger","threadId":1,"threadPriority":5}
{"instant":{"epochSecond":1733682677,"nanoOfSecond":747278900},"thread":"main","level":"INFO","loggerName":"MAIN.ProductService","message":"User: 4 | Action: deleted product with ID: P101","endOfBatch":false,"loggerFqcn":"org.apache.logging.log4j.spi.AbstractLogger","threadId":1,"threadPriority":5}
{"instant":{"epochSecond":1733682677,"nanoOfSecond":772664700},"thread":"main","level":"INFO","loggerName":"MAIN.ProductService","message":"User: 4 | Action: viewed_all_products","endOfBatch":false,"loggerFqcn":"org.apache.logging.log4j.spi.AbstractLogger","threadId":1,"threadPriority":5}
{"instant":{"epochSecond":1733682677,"nanoOfSecond":799071300},"thread":"main","level":"INFO","loggerName":"MAIN.ProductService","message":"User: 4 | Action: added a new product: Keyboard","endOfBatch":false,"loggerFqcn":"org.apache.logging.log4j.spi.AbstractLogger","threadId":1,"threadPriority":5}
{"instant":{"epochSecond":1733682677,"nanoOfSecond":824349900},"thread":"main","level":"INFO","loggerName":"MAIN.ProductService","message":"User: 4 | Action:  updated product: Mechanical Keyboard","endOfBatch":false,"loggerFqcn":"org.apache.logging.log4j.spi.AbstractLogger","threadId":1,"threadPriority":5}
{"instant":{"epochSecond":1733682677,"nanoOfSecond":850644900},"thread":"main","level":"INFO","loggerName":"MAIN.ProductService","message":"User: 5 | Action: added a new product: Mouse","endOfBatch":false,"loggerFqcn":"org.apache.logging.log4j.spi.AbstractLogger","threadId":1,"threadPriority":5}
{"instant":{"epochSecond":1733682677,"nanoOfSecond":875020600},"thread":"main","level":"INFO","loggerName":"MAIN.ProductService","message":"User: 5 | Action: fetched product with ID: P105","endOfBatch":false,"loggerFqcn":"org.apache.logging.log4j.spi.AbstractLogger","threadId":1,"threadPriority":5}
{"instant":{"epochSecond":1733682677,"nanoOfSecond":904039900},"thread":"main","level":"INFO","loggerName":"MAIN.ProductService","message":"User: 5 | Action: viewed_all_products","endOfBatch":false,"loggerFqcn":"org.apache.logging.log4j.spi.AbstractLogger","threadId":1,"threadPriority":5}
{"instant":{"epochSecond":1733682677,"nanoOfSecond":934506100},"thread":"main","level":"INFO","loggerName":"MAIN.ProductService","message":"User: 5 | Action: viewed_all_products","endOfBatch":false,"loggerFqcn":"org.apache.logging.log4j.spi.AbstractLogger","threadId":1,"threadPriority":5}
{"instant":{"epochSecond":1733682677,"nanoOfSecond":961824400},"thread":"main","level":"INFO","loggerName":"MAIN.ProductService","message":"User: 5 | Action: viewed_all_products","endOfBatch":false,"loggerFqcn":"org.apache.logging.log4j.spi.AbstractLogger","threadId":1,"threadPriority":5}
{"instant":{"epochSecond":1733682677,"nanoOfSecond":987448100},"thread":"main","level":"INFO","loggerName":"MAIN.ProductService","message":"User: 5 | Action: viewed_all_products","endOfBatch":false,"loggerFqcn":"org.apache.logging.log4j.spi.AbstractLogger","threadId":1,"threadPriority":5}
{"instant":{"epochSecond":1733682678,"nanoOfSecond":26819400},"thread":"main","level":"INFO","loggerName":"MAIN.ProductService","message":"User: 5 | Action: viewed_all_products","endOfBatch":false,"loggerFqcn":"org.apache.logging.log4j.spi.AbstractLogger","threadId":1,"threadPriority":5}
{"instant":{"epochSecond":1733682678,"nanoOfSecond":51575400},"thread":"main","level":"INFO","loggerName":"MAIN.ProductService","message":"User: 5 | Action: deleted product with ID: P105","endOfBatch":false,"loggerFqcn":"org.apache.logging.log4j.spi.AbstractLogger","threadId":1,"threadPriority":5}
{"instant":{"epochSecond":1733682678,"nanoOfSecond":118740500},"thread":"main","level":"INFO","loggerName":"MAIN.ProductService","message":"User: 6 | Action:  updated product: Monitor","endOfBatch":false,"loggerFqcn":"org.apache.logging.log4j.spi.AbstractLogger","threadId":1,"threadPriority":5}
{"instant":{"epochSecond":1733682678,"nanoOfSecond":144957300},"thread":"main","level":"INFO","loggerName":"MAIN.ProductService","message":"User: 6 | Action: deleted product with ID: P106","endOfBatch":false,"loggerFqcn":"org.apache.logging.log4j.spi.AbstractLogger","threadId":1,"threadPriority":5}
{"instant":{"epochSecond":1733682678,"nanoOfSecond":171802300},"thread":"main","level":"INFO","loggerName":"MAIN.ProductService","message":"User: 6 | Action: viewed_all_products","endOfBatch":false,"loggerFqcn":"org.apache.logging.log4j.spi.AbstractLogger","threadId":1,"threadPriority":5}
{"instant":{"epochSecond":1733682678,"nanoOfSecond":198002800},"thread":"main","level":"INFO","loggerName":"MAIN.ProductService","message":"User: 7 | Action: viewed_all_products","endOfBatch":false,"loggerFqcn":"org.apache.logging.log4j.spi.AbstractLogger","threadId":1,"threadPriority":5}
{"instant":{"epochSecond":1733682678,"nanoOfSecond":224422800},"thread":"main","level":"INFO","loggerName":"MAIN.ProductService","message":"User: 7 | Action: added a new product: Tablet","endOfBatch":false,"loggerFqcn":"org.apache.logging.log4j.spi.AbstractLogger","threadId":1,"threadPriority":5}
{"instant":{"epochSecond":1733682678,"nanoOfSecond":248005000},"thread":"main","level":"INFO","loggerName":"MAIN.ProductService","message":"User: 7 | Action: deleted product with ID: P107","endOfBatch":false,"loggerFqcn":"org.apache.logging.log4j.spi.AbstractLogger","threadId":1,"threadPriority":5}
{"instant":{"epochSecond":1733682678,"nanoOfSecond":270517300},"thread":"main","level":"INFO","loggerName":"MAIN.ProductService","message":"User: 7 | Action:  updated product: Tablet Pro","endOfBatch":false,"loggerFqcn":"org.apache.logging.log4j.spi.AbstractLogger","threadId":1,"threadPriority":5}
{"instant":{"epochSecond":1733682678,"nanoOfSecond":300633800},"thread":"main","level":"INFO","loggerName":"MAIN.ProductService","message":"User: 8 | Action:  updated product: Speaker","endOfBatch":false,"loggerFqcn":"org.apache.logging.log4j.spi.AbstractLogger","threadId":1,"threadPriority":5}
{"instant":{"epochSecond":1733682678,"nanoOfSecond":326623700},"thread":"main","level":"INFO","loggerName":"MAIN.ProductService","message":"User: 8 | Action: viewed_all_products","endOfBatch":false,"loggerFqcn":"org.apache.logging.log4j.spi.AbstractLogger","threadId":1,"threadPriority":5}
{"instant":{"epochSecond":1733682678,"nanoOfSecond":354372200},"thread":"main","level":"INFO","loggerName":"MAIN.ProductService","message":"User: 8 | Action: added a new product: Bluetooth Speaker","endOfBatch":false,"loggerFqcn":"org.apache.logging.log4j.spi.AbstractLogger","threadId":1,"threadPriority":5}
{"instant":{"epochSecond":1733682678,"nanoOfSecond":383067500},"thread":"main","level":"INFO","loggerName":"MAIN.ProductService","message":"User: 8 | Action: deleted product with ID: P108","endOfBatch":false,"loggerFqcn":"org.apache.logging.log4j.spi.AbstractLogger","threadId":1,"threadPriority":5}
{"instant":{"epochSecond":1733682678,"nanoOfSecond":419971200},"thread":"main","level":"INFO","loggerName":"MAIN.ProductService","message":"User: 9 | Action: viewed_all_products","endOfBatch":false,"loggerFqcn":"org.apache.logging.log4j.spi.AbstractLogger","threadId":1,"threadPriority":5}
{"instant":{"epochSecond":1733682678,"nanoOfSecond":502318700},"thread":"main","level":"INFO","loggerName":"MAIN.ProductService","message":"User: 9 | Action: deleted product with ID: P109","endOfBatch":false,"loggerFqcn":"org.apache.logging.log4j.spi.AbstractLogger","threadId":1,"threadPriority":5}
{"instant":{"epochSecond":1733682678,"nanoOfSecond":525542100},"thread":"main","level":"INFO","loggerName":"MAIN.ProductService","message":"User: 9 | Action:  updated product: Printer","endOfBatch":false,"loggerFqcn":"org.apache.logging.log4j.spi.AbstractLogger","threadId":1,"threadPriority":5}
{"instant":{"epochSecond":1733682678,"nanoOfSecond":571565700},"thread":"main","level":"INFO","loggerName":"MAIN.ProductService","message":"User: 10 | Action: viewed_all_products","endOfBatch":false,"loggerFqcn":"org.apache.logging.log4j.spi.AbstractLogger","threadId":1,"threadPriority":5}
{"instant":{"epochSecond":1733682678,"nanoOfSecond":597287300},"thread":"main","level":"INFO","loggerName":"MAIN.ProductService","message":"User: 10 | Action: added a new product: Camera","endOfBatch":false,"loggerFqcn":"org.apache.logging.log4j.spi.AbstractLogger","threadId":1,"threadPriority":5}
{"instant":{"epochSecond":1733682678,"nanoOfSecond":636625800},"thread":"main","level":"INFO","loggerName":"MAIN.ProductService","message":"User: 10 | Action: deleted product with ID: P111","endOfBatch":false,"loggerFqcn":"org.apache.logging.log4j.spi.AbstractLogger","threadId":1,"threadPriority":5}
{"instant":{"epochSecond":1733682678,"nanoOfSecond":663410700},"thread":"main","level":"INFO","loggerName":"MAIN.ProductService","message":"User: 10 | Action: added a new product: Camera","endOfBatch":false,"loggerFqcn":"org.apache.logging.log4j.spi.AbstractLogger","threadId":1,"threadPriority":5}
{"instant":{"epochSecond":1733682678,"nanoOfSecond":687832700},"thread":"main","level":"INFO","loggerName":"MAIN.ProductService","message":"User: 10 | Action: added a new product: Cam2","endOfBatch":false,"loggerFqcn":"org.apache.logging.log4j.spi.AbstractLogger","threadId":1,"threadPriority":5}
{"instant":{"epochSecond":1733682678,"nanoOfSecond":712069300},"thread":"main","level":"INFO","loggerName":"MAIN.ProductService","message":"User: 10 | Action: added a new product: Cam3","endOfBatch":false,"loggerFqcn":"org.apache.logging.log4j.spi.AbstractLogger","threadId":1,"threadPriority":5}
